{
  "stats": {
    "suites": 1,
    "tests": 7,
    "passes": 7,
    "pending": 0,
    "failures": 0,
    "start": "2023-12-10T15:48:45.913Z",
    "end": "2023-12-10T15:48:49.279Z",
    "duration": 3366,
    "testsRegistered": 7,
    "passPercent": 100,
    "pendingPercent": 0,
    "other": 0,
    "hasOther": false,
    "skipped": 0,
    "hasSkipped": false
  },
  "results": [
    {
      "uuid": "51ed5d2e-f725-42bd-ae15-70355580e362",
      "title": "",
      "fullFile": "/Users/kykyri/Documents/GitHub/websovellusprojekti/MoviePlanet/test/customer.js",
      "file": "/test/customer.js",
      "beforeHooks": [],
      "afterHooks": [],
      "tests": [],
      "suites": [
        {
          "uuid": "4661a438-0b1f-47e5-ae3e-c2b0cd258d67",
          "title": "Customer Route Tests",
          "fullFile": "/Users/kykyri/Documents/GitHub/websovellusprojekti/MoviePlanet/test/customer.js",
          "file": "/test/customer.js",
          "beforeHooks": [
            {
              "title": "\"before all\" hook in \"Customer Route Tests\"",
              "fullTitle": "Customer Route Tests \"before all\" hook in \"Customer Route Tests\"",
              "timedOut": false,
              "duration": 1734,
              "state": null,
              "speed": null,
              "pass": false,
              "fail": false,
              "pending": false,
              "context": null,
              "code": "pgPool.connect((err) => {\n    if (err) {\n        console.error('Error connecting to Postgres database');\n        console.error(err.message);\n        done(err);\n    } else {\n        server = app.listen(3002, () => { // Tässä eri portti kuin varsinaisessa sovelluksessa\n            done();\n        });\n    }\n});",
              "err": {},
              "uuid": "7682a03b-2372-4973-bcca-467b0aea34a8",
              "parentUUID": "4661a438-0b1f-47e5-ae3e-c2b0cd258d67",
              "isHook": true,
              "skipped": false
            }
          ],
          "afterHooks": [
            {
              "title": "\"after all\" hook in \"Customer Route Tests\"",
              "fullTitle": "Customer Route Tests \"after all\" hook in \"Customer Route Tests\"",
              "timedOut": false,
              "duration": 1,
              "state": null,
              "speed": null,
              "pass": false,
              "fail": false,
              "pending": false,
              "context": null,
              "code": "server.close(() => { // Sulje serveri testien jälkeen\n    pgPool.end(); // Lopeta tietokantayhteys\n    done();\n});",
              "err": {},
              "uuid": "cb62f9bb-318a-41d9-b1b3-f29bbeeb8c97",
              "parentUUID": "4661a438-0b1f-47e5-ae3e-c2b0cd258d67",
              "isHook": true,
              "skipped": false
            }
          ],
          "tests": [
            {
              "title": "Hae kaikki käyttäjät",
              "fullTitle": "Customer Route Tests Hae kaikki käyttäjät",
              "timedOut": false,
              "duration": 959,
              "state": "passed",
              "speed": "slow",
              "pass": true,
              "fail": false,
              "pending": false,
              "context": null,
              "code": "chai.request(app)\n    .get('/customer')\n    .end((err, res) => {\n        res.should.have.status(200);\n        res.body.should.be.an('array');\n        done();\n    });",
              "err": {},
              "uuid": "176c2253-8743-4b49-9bb7-2d66bec617a8",
              "parentUUID": "4661a438-0b1f-47e5-ae3e-c2b0cd258d67",
              "isHook": false,
              "skipped": false
            },
            {
              "title": "Luo käyttäjän",
              "fullTitle": "Customer Route Tests Luo käyttäjän",
              "timedOut": false,
              "duration": 144,
              "state": "passed",
              "speed": "slow",
              "pass": true,
              "fail": false,
              "pending": false,
              "context": null,
              "code": "chai.request(app)\n    .post('/customer')\n    .send({\n        fname: 'tintti',\n        lname: 'tinttinen',\n        username: 'tintti',\n        pw: '1234',\n    })\n    .end((err, res) => {\n        res.should.have.status(200);\n        done();\n    });",
              "err": {},
              "uuid": "a97730a3-0275-4120-9195-8ebfcf3d8eb4",
              "parentUUID": "4661a438-0b1f-47e5-ae3e-c2b0cd258d67",
              "isHook": false,
              "skipped": false
            },
            {
              "title": "Kirjaudu sisään",
              "fullTitle": "Customer Route Tests Kirjaudu sisään",
              "timedOut": false,
              "duration": 133,
              "state": "passed",
              "speed": "slow",
              "pass": true,
              "fail": false,
              "pending": false,
              "context": null,
              "code": "chai.request(app)\n    .post('/customer/login')\n    .send({\n        username: 'tintti',\n        pw: '1234',\n    })\n    .end((err, res) => {\n        res.should.have.status(200);\n        res.body.should.have.property('jwtToken');\n        done();\n    });",
              "err": {},
              "uuid": "11ab1bf4-f588-4574-8408-306e72bb716b",
              "parentUUID": "4661a438-0b1f-47e5-ae3e-c2b0cd258d67",
              "isHook": false,
              "skipped": false
            },
            {
              "title": "Väärä salasana",
              "fullTitle": "Customer Route Tests Väärä salasana",
              "timedOut": false,
              "duration": 116,
              "state": "passed",
              "speed": "slow",
              "pass": true,
              "fail": false,
              "pending": false,
              "context": null,
              "code": "chai.request(app)\n    .post('/customer/login')\n    .send({\n        username: 'tintti',\n        pw: '12345',\n    })\n    .end((err, res) => {\n        res.should.have.status(401);\n        done();\n    });",
              "err": {},
              "uuid": "af2a3664-6b0b-4792-8abd-03070bcfeffa",
              "parentUUID": "4661a438-0b1f-47e5-ae3e-c2b0cd258d67",
              "isHook": false,
              "skipped": false
            },
            {
              "title": "Poista käyttäjä",
              "fullTitle": "Customer Route Tests Poista käyttäjä",
              "timedOut": false,
              "duration": 160,
              "state": "passed",
              "speed": "slow",
              "pass": true,
              "fail": false,
              "pending": false,
              "context": null,
              "code": "chai.request(app)\n    .delete('/customer/tintti')\n    .end((err, res) => {\n        res.should.have.status(200);\n        done();\n    });",
              "err": {},
              "uuid": "7156a591-3762-4861-994e-6c998164581f",
              "parentUUID": "4661a438-0b1f-47e5-ae3e-c2b0cd258d67",
              "isHook": false,
              "skipped": false
            },
            {
              "title": "Käyttäjää ei löytynyt",
              "fullTitle": "Customer Route Tests Käyttäjää ei löytynyt",
              "timedOut": false,
              "duration": 57,
              "state": "passed",
              "speed": "medium",
              "pass": true,
              "fail": false,
              "pending": false,
              "context": null,
              "code": "chai.request(app)\n    .post('/customer/login')\n    .send({\n        username: 'tinttinen',\n        pw: '1234',\n    })\n    .end((err, res) => {\n        res.should.have.status(404);\n        done();\n    });",
              "err": {},
              "uuid": "8c1ea7a5-3537-4235-8c59-76a51e7e1e35",
              "parentUUID": "4661a438-0b1f-47e5-ae3e-c2b0cd258d67",
              "isHook": false,
              "skipped": false
            },
            {
              "title": "poista olematon käyttäjä",
              "fullTitle": "Customer Route Tests poista olematon käyttäjä",
              "timedOut": false,
              "duration": 55,
              "state": "passed",
              "speed": "medium",
              "pass": true,
              "fail": false,
              "pending": false,
              "context": null,
              "code": "chai.request(app)\n    .delete('/customer/tinttinen')\n    .end((err, res) => {\n        res.should.have.status(404);\n        done();\n    });",
              "err": {},
              "uuid": "7e6a03c6-735c-4ca1-849a-4307f390b541",
              "parentUUID": "4661a438-0b1f-47e5-ae3e-c2b0cd258d67",
              "isHook": false,
              "skipped": false
            }
          ],
          "suites": [],
          "passes": [
            "176c2253-8743-4b49-9bb7-2d66bec617a8",
            "a97730a3-0275-4120-9195-8ebfcf3d8eb4",
            "11ab1bf4-f588-4574-8408-306e72bb716b",
            "af2a3664-6b0b-4792-8abd-03070bcfeffa",
            "7156a591-3762-4861-994e-6c998164581f",
            "8c1ea7a5-3537-4235-8c59-76a51e7e1e35",
            "7e6a03c6-735c-4ca1-849a-4307f390b541"
          ],
          "failures": [],
          "pending": [],
          "skipped": [],
          "duration": 1624,
          "root": false,
          "rootEmpty": false,
          "_timeout": 10000
        }
      ],
      "passes": [],
      "failures": [],
      "pending": [],
      "skipped": [],
      "duration": 0,
      "root": true,
      "rootEmpty": true,
      "_timeout": 10000
    }
  ],
  "meta": {
    "mocha": {
      "version": "10.2.0"
    },
    "mochawesome": {
      "options": {
        "quiet": false,
        "reportFilename": "mochawesome",
        "saveHtml": true,
        "saveJson": true,
        "consoleReporter": "spec",
        "useInlineDiffs": false,
        "code": true
      },
      "version": "7.1.3"
    },
    "marge": {
      "options": null,
      "version": "6.2.0"
    }
  }
}